
**** Build of configuration Debug for project 02_02_2020_Task3 ****

**** Internal Builder is used for build               ****
gcc -O0 -g3 -Wall -c -fmessage-length=0 -omain.o ..\main.c
..\main.c:15: error: expected declaration specifiers or '...' before string constant
..\main.c:15: warning: data definition has no type or storage class
..\main.c:15: warning: type defaults to 'int' in declaration of 'printf'
..\main.c:15: error: conflicting types for 'printf'
..\main.c:15: note: a parameter list with an ellipsis can't match an empty parameter name list declaration
..\main.c:16: error: expected declaration specifiers or '...' before string constant
..\main.c:16: warning: data definition has no type or storage class
..\main.c:16: warning: type defaults to 'int' in declaration of 'scanf'
..\main.c:16: error: conflicting types for 'scanf'
..\main.c:16: note: a parameter list with an ellipsis can't match an empty parameter name list declaration
..\main.c:18: error: expected identifier or '(' before 'return'
Build error occurred, build is stopped
Time consumed: 923  ms.  
